<?xml version="1.0" encoding="UTF-8"?>
<!-- Generated by org.testng.reporters.JUnitReportReporter -->
<testsuite skipped="0" hostname="DESKTOP-ETB8RJN" name="MavenProject.MavenProject.Test1" tests="1" failures="0" timestamp="25 Oct 2017 15:14:34 GMT" time="0.023" errors="0">
  <testcase name="firstMethod" time="0.023" classname="MavenProject.MavenProject.Test1"/>
</testsuite> <!-- MavenProject.MavenProject.Test1 -->
